<?xml version="1.0" encoding="UTF-8"?>
<!-- Generated by org.testng.reporters.JUnitXMLReporter -->
<testsuite ignored="1" hostname="venky" failures="0" tests="1" name="SampleTestCases" time="0.021" errors="0" timestamp="18 Mar 2024 04:25:37 GMT">
  <testcase classname="org.tcs.BasicTestCases.launchIRCTC" name="printMYname" time="0.006"/>
  <testcase classname="org.tcs.BasicTestCases.launchIRCTC" name="IRCTCTest" time="0.0">
    <ignored/>
  </testcase> <!-- IRCTCTest -->
</testsuite> <!-- SampleTestCases -->
