<?xml version="1.0" encoding="UTF-8"?>
<!-- Generated by org.testng.reporters.JUnitXMLReporter -->
<testsuite ignored="4" hostname="venky" failures="0" tests="1" name="Test" time="0.022" errors="0" timestamp="18 Mar 2024 03:51:25 GMT">
  <testcase classname="org.tcs.BasicTestCases.launchIRCTC" name="hello" time="0.006"/>
  <testcase classname="org.tcs.BasicTestCases.launchIRCTC" name="printMYname" time="0.0">
    <ignored/>
  </testcase> <!-- printMYname -->
  <testcase classname="org.tcs.BasicTestCases.launchIRCTC" name="printMYname3" time="0.0">
    <ignored/>
  </testcase> <!-- printMYname3 -->
  <testcase classname="org.tcs.BasicTestCases.launchIRCTC" name="printMYname2" time="0.0">
    <ignored/>
  </testcase> <!-- printMYname2 -->
  <testcase classname="org.tcs.BasicTestCases.launchIRCTC" name="IRCTCTest" time="0.0">
    <ignored/>
  </testcase> <!-- IRCTCTest -->
</testsuite> <!-- Test -->
